<?xml version="1.0" encoding="UTF-8"?>
<!-- Generated by org.testng.reporters.JUnitReportReporter -->
<testsuite skipped="0" hostname="Rahul-PC" name="com.practice.Practice1" tests="1" failures="0" timestamp="2021-08-10T12:55:08 IST" time="91.795" errors="0">
  <testcase name="app" time="91.795" classname="com.practice.Practice1"/>
  <system-out/>
</testsuite> <!-- com.practice.Practice1 -->
