<?xml version="1.0" encoding="UTF-8"?>
<!-- Generated by org.testng.reporters.JUnitReportReporter -->
<testsuite skipped="0" hostname="Rahul-PC" name="com.practice.Vtiger" tests="1" failures="0" timestamp="2021-08-11T00:08:13 IST" time="56.662" errors="0">
  <testcase name="app" time="56.662" classname="com.practice.Vtiger"/>
  <system-out/>
</testsuite> <!-- com.practice.Vtiger -->
