<?xml version="1.0" encoding="UTF-8"?>
<!-- Generated by org.testng.reporters.JUnitReportReporter -->
<testsuite skipped="0" hostname="Rahul-PC" name="com.practice.MMT_Calander_Array$MMTcalenderbyDataProvider" tests="5" failures="0" timestamp="2021-08-14T17:55:22 IST" time="177.921" errors="0">
  <testcase name="selectcities" time="31.548" classname="com.practice.MMT_Calander_Array$MMTcalenderbyDataProvider"/>
  <system-out/>
  <testcase name="selectcities" time="35.417" classname="com.practice.MMT_Calander_Array$MMTcalenderbyDataProvider"/>
  <system-out/>
  <testcase name="selectcities" time="40.620" classname="com.practice.MMT_Calander_Array$MMTcalenderbyDataProvider"/>
  <system-out/>
  <testcase name="selectcities" time="36.892" classname="com.practice.MMT_Calander_Array$MMTcalenderbyDataProvider"/>
  <system-out/>
  <testcase name="selectcities" time="33.444" classname="com.practice.MMT_Calander_Array$MMTcalenderbyDataProvider"/>
  <system-out/>
</testsuite> <!-- com.practice.MMT_Calander_Array$MMTcalenderbyDataProvider -->
