<?xml version="1.0" encoding="UTF-8"?>
<!-- Generated by org.testng.reporters.JUnitReportReporter -->
<testsuite skipped="0" hostname="Rahul-PC" name="com.practice.Test1" tests="1" failures="0" timestamp="2021-08-16T12:57:55 IST" time="34.447" errors="0">
  <testcase name="TestCase" time="34.447" classname="com.practice.Test1"/>
  <system-out/>
</testsuite> <!-- com.practice.Test1 -->
