<?xml version="1.0" encoding="UTF-8"?>
<!-- Generated by org.testng.reporters.JUnitReportReporter -->
<testsuite skipped="0" hostname="Rahul-PC" name="com.practice.IQ2vtiger" tests="1" failures="0" timestamp="2021-08-18T16:27:23 IST" time="19.192" errors="0">
  <testcase name="app" time="19.192" classname="com.practice.IQ2vtiger"/>
  <system-out/>
</testsuite> <!-- com.practice.IQ2vtiger -->
