<?xml version="1.0" encoding="UTF-8"?>
<!-- Generated by org.testng.reporters.JUnitReportReporter -->
<testsuite skipped="0" hostname="Rahul-PC" name="com.Vtiger.Vtiger_Creat_Org" tests="1" failures="0" timestamp="2021-08-19T14:54:12 IST" time="35.450" errors="0">
  <testcase name="creatorg" time="35.450" classname="com.Vtiger.Vtiger_Creat_Org"/>
  <system-out/>
</testsuite> <!-- com.Vtiger.Vtiger_Creat_Org -->
