<?xml version="1.0" encoding="UTF-8"?>
<!-- Generated by org.testng.reporters.JUnitReportReporter -->
<testsuite skipped="0" hostname="Rahul-PC" name="com.practice.Amazone1" tests="1" failures="0" timestamp="2021-08-18T12:28:17 IST" time="56.644" errors="0">
  <testcase name="Searchmobile" time="56.644" classname="com.practice.Amazone1"/>
  <system-out/>
</testsuite> <!-- com.practice.Amazone1 -->
