<?xml version="1.0" encoding="UTF-8"?>
<!-- Generated by org.testng.reporters.JUnitReportReporter -->
<testsuite skipped="0" hostname="Rahul-PC" name="com.Vtiger.Vtiger_Creat_Contact" tests="1" failures="0" timestamp="2021-08-19T14:55:33 IST" time="34.525" errors="0">
  <testcase name="Creatcontact" time="34.525" classname="com.Vtiger.Vtiger_Creat_Contact"/>
  <system-out/>
</testsuite> <!-- com.Vtiger.Vtiger_Creat_Contact -->
