<?xml version="1.0" encoding="UTF-8"?>
<!-- Generated by org.testng.reporters.JUnitReportReporter -->
<testsuite skipped="0" hostname="Rahul-PC" name="com.practice.Vtiger2" tests="1" failures="0" timestamp="2021-08-10T00:06:36 IST" time="50.854" errors="0">
  <testcase name="app1" time="50.854" classname="com.practice.Vtiger2"/>
  <system-out/>
</testsuite> <!-- com.practice.Vtiger2 -->
